Remove Pin=U3-1 From Net=CAN_BMS_TX
Remove Pin=U3-4 From Net=CAN_BMS_RX
Remove Pin=U4-7 From Net=MCLR
Remove Pin=U4-11 From Net=IMP
Remove Pin=U4-12 From Net=ADC4
Remove Pin=U4-13 From Net=ADC3
Remove Pin=U4-14 From Net=ADC2
Remove Pin=U4-15 From Net=ADC1
Remove Pin=U4-16 From Net=ADC0
Remove Pin=U4-17 From Net=PGC
Remove Pin=U4-18 From Net=PGD
Remove Pin=U4-21 From Net=ButR
Remove Pin=U4-22 From Net=ButN
Remove Pin=U4-23 From Net=ButD
Remove Pin=U4-24 From Net=LightD
Remove Pin=U4-27 From Net=LightN
Remove Pin=U4-28 From Net=LightR
Remove Pin=U4-29 From Net=ChrgLED
Remove Pin=U4-30 From Net=FluidHeater
Remove Pin=U4-31 From Net=IsHeating
Remove Pin=U4-32 From Net=IsFHerror
Remove Pin=U4-33 From Net=TX
Remove Pin=U4-34 From Net=RX
Remove Pin=U4-42 From Net=GPIOD8
Remove Pin=U4-43 From Net=GPIOD9
Remove Pin=U4-44 From Net=GPIOD10
Remove Pin=U4-45 From Net=GPIOD11
Remove Pin=U4-46 From Net=GPIOD0
Remove Pin=U4-47 From Net=GPIOC13
Remove Pin=U4-48 From Net=GPIOC14
Remove Pin=U4-49 From Net=GPIOD1
Remove Pin=U4-50 From Net=GPIOD2
Remove Pin=U4-51 From Net=GPIOD3
Remove Pin=U4-52 From Net=GPIOD4
Remove Pin=U4-53 From Net=GPIOD5
Remove Pin=U4-54 From Net=GPIOD6
Remove Pin=U4-55 From Net=GPIOD7
Remove Pin=U4-58 From Net=CAN_BMS_RX
Remove Pin=U4-59 From Net=CAN_BMS_TX
Remove Pin=U4-60 From Net=CAN_MUX_TX
Remove Pin=U4-61 From Net=CAN_MUX_RX
Remove Pin=U5-1 From Net=RESET
Remove Pin=U5-4 From Net=WDI
